{"/Users/imanolsancheztaneco/Documents/Proyects/bitacora_gas/src/utils/validaciones.ts": {"path":"/Users/imanolsancheztaneco/Documents/Proyects/bitacora_gas/src/utils/validaciones.ts","statementMap":{"0":{"start":{"line":11,"column":21},"end":{"line":11,"column":49}},"1":{"start":{"line":12,"column":2},"end":{"line":12,"column":32}},"2":{"start":{"line":22,"column":20},"end":{"line":22,"column":48}},"3":{"start":{"line":23,"column":2},"end":{"line":23,"column":34}},"4":{"start":{"line":30,"column":2},"end":{"line":30,"column":25}},"5":{"start":{"line":43,"column":2},"end":{"line":43,"column":64}},"6":{"start":{"line":43,"column":29},"end":{"line":43,"column":64}},"7":{"start":{"line":44,"column":2},"end":{"line":44,"column":84}},"8":{"start":{"line":44,"column":39},"end":{"line":44,"column":84}},"9":{"start":{"line":45,"column":2},"end":{"line":45,"column":62}},"10":{"start":{"line":45,"column":28},"end":{"line":45,"column":62}},"11":{"start":{"line":46,"column":2},"end":{"line":46,"column":60}},"12":{"start":{"line":46,"column":27},"end":{"line":46,"column":60}},"13":{"start":{"line":47,"column":2},"end":{"line":47,"column":14}},"14":{"start":{"line":58,"column":2},"end":{"line":58,"column":39}},"15":{"start":{"line":58,"column":27},"end":{"line":58,"column":39}},"16":{"start":{"line":59,"column":2},"end":{"line":59,"column":29}},"17":{"start":{"line":66,"column":16},"end":{"line":66,"column":47}},"18":{"start":{"line":67,"column":14},"end":{"line":67,"column":54}},"19":{"start":{"line":68,"column":14},"end":{"line":68,"column":59}},"20":{"start":{"line":69,"column":15},"end":{"line":69,"column":34}},"21":{"start":{"line":70,"column":2},"end":{"line":70,"column":33}},"22":{"start":{"line":77,"column":12},"end":{"line":77,"column":49}},"23":{"start":{"line":78,"column":12},"end":{"line":78,"column":51}},"24":{"start":{"line":79,"column":2},"end":{"line":79,"column":20}}},"fnMap":{"0":{"name":"esEmailValido","decl":{"start":{"line":10,"column":16},"end":{"line":10,"column":29}},"loc":{"start":{"line":10,"column":54},"end":{"line":13,"column":1}},"line":10},"1":{"name":"esPasswordSegura","decl":{"start":{"line":21,"column":16},"end":{"line":21,"column":32}},"loc":{"start":{"line":21,"column":60},"end":{"line":24,"column":1}},"line":21},"2":{"name":"passwordsCoinciden","decl":{"start":{"line":29,"column":16},"end":{"line":29,"column":34}},"loc":{"start":{"line":29,"column":74},"end":{"line":31,"column":1}},"line":29},"3":{"name":"validarCamposUsuario","decl":{"start":{"line":37,"column":16},"end":{"line":37,"column":36}},"loc":{"start":{"line":42,"column":18},"end":{"line":48,"column":1}},"line":42},"4":{"name":"calcularKmRecorridos","decl":{"start":{"line":54,"column":16},"end":{"line":54,"column":36}},"loc":{"start":{"line":57,"column":17},"end":{"line":60,"column":1}},"line":57},"5":{"name":"formatearFecha","decl":{"start":{"line":65,"column":16},"end":{"line":65,"column":30}},"loc":{"start":{"line":65,"column":56},"end":{"line":71,"column":1}},"line":65},"6":{"name":"obtenerIniciales","decl":{"start":{"line":76,"column":16},"end":{"line":76,"column":32}},"loc":{"start":{"line":76,"column":75},"end":{"line":80,"column":1}},"line":76}},"branchMap":{"0":{"loc":{"start":{"line":43,"column":2},"end":{"line":43,"column":64}},"type":"if","locations":[{"start":{"line":43,"column":2},"end":{"line":43,"column":64}},{"start":{},"end":{}}],"line":43},"1":{"loc":{"start":{"line":44,"column":2},"end":{"line":44,"column":84}},"type":"if","locations":[{"start":{"line":44,"column":2},"end":{"line":44,"column":84}},{"start":{},"end":{}}],"line":44},"2":{"loc":{"start":{"line":45,"column":2},"end":{"line":45,"column":62}},"type":"if","locations":[{"start":{"line":45,"column":2},"end":{"line":45,"column":62}},{"start":{},"end":{}}],"line":45},"3":{"loc":{"start":{"line":46,"column":2},"end":{"line":46,"column":60}},"type":"if","locations":[{"start":{"line":46,"column":2},"end":{"line":46,"column":60}},{"start":{},"end":{}}],"line":46},"4":{"loc":{"start":{"line":58,"column":2},"end":{"line":58,"column":39}},"type":"if","locations":[{"start":{"line":58,"column":2},"end":{"line":58,"column":39}},{"start":{},"end":{}}],"line":58}},"s":{"0":6,"1":6,"2":6,"3":6,"4":3,"5":6,"6":2,"7":4,"8":1,"9":3,"10":1,"11":2,"12":1,"13":1,"14":3,"15":1,"16":2,"17":2,"18":2,"19":2,"20":2,"21":2,"22":3,"23":3,"24":3},"f":{"0":6,"1":6,"2":3,"3":6,"4":3,"5":2,"6":3},"b":{"0":[2,4],"1":[1,3],"2":[1,2],"3":[1,1],"4":[1,2]},"_coverageSchema":"1a1c01bbd47fc00a2c39e90264f33305004495a9","hash":"38f84beb9e2d944e7408afec930986751ae83593"}
}
