TN:
SF:src/utils/validaciones.ts
FN:10,esEmailValido
FN:21,esPasswordSegura
FN:29,passwordsCoinciden
FN:37,validarCamposUsuario
FN:54,calcularKmRecorridos
FN:65,formatearFecha
FN:76,obtenerIniciales
FNF:7
FNH:7
FNDA:6,esEmailValido
FNDA:6,esPasswordSegura
FNDA:3,passwordsCoinciden
FNDA:6,validarCamposUsuario
FNDA:3,calcularKmRecorridos
FNDA:2,formatearFecha
FNDA:3,obtenerIniciales
DA:11,6
DA:12,6
DA:22,6
DA:23,6
DA:30,3
DA:43,6
DA:44,4
DA:45,3
DA:46,2
DA:47,1
DA:58,3
DA:59,2
DA:66,2
DA:67,2
DA:68,2
DA:69,2
DA:70,2
DA:77,3
DA:78,3
DA:79,3
LF:20
LH:20
BRDA:43,0,0,2
BRDA:43,0,1,4
BRDA:44,1,0,1
BRDA:44,1,1,3
BRDA:45,2,0,1
BRDA:45,2,1,2
BRDA:46,3,0,1
BRDA:46,3,1,1
BRDA:58,4,0,1
BRDA:58,4,1,2
BRF:10
BRH:10
end_of_record
